#
# A fatal error has been detected by the Java Runtime Environment:
#
#  SIGILL (0x4) at pc=0x00007fff7a9db28e, pid=22548, tid=0x000000000000080b
#
# JRE version: Java(TM) SE Runtime Environment (8.0_101-b13) (build 1.8.0_101-b13)
# Java VM: Java HotSpot(TM) 64-Bit Server VM (25.101-b13 mixed mode bsd-amd64 compressed oops)
# Problematic frame:
# C  [AppKit+0x3a528e]  -[NSApplication _crashOnException:]+0x6d
#
# Failed to write core dump. Core dumps have been disabled. To enable core dumping, try "ulimit -c unlimited" before starting Java again
#
# If you would like to submit a bug report, please visit:
#   http://bugreport.java.com/bugreport/crash.jsp
# The crash happened outside the Java Virtual Machine in native code.
# See problematic frame for where to report the bug.
#

---------------  T H R E A D  ---------------

Current thread (0x00007fea35047000):  JavaThread "JavaFX Application Thread" daemon [_thread_in_native, id=2059, stack(0x00007fff55bc5000,0x00007fff563c5000)]

siginfo: si_signo: 4 (SIGILL), si_code: 1 (ILL_ILLOPC), si_addr: 0x00007fff7a9db28e

Registers:
RAX=0x00007fea34023600, RBX=0x00007fea39a359e0, RCX=0x0000000000000001, RDX=0x0000000000000000
RSP=0x00007fff563c03e0, RBP=0x00007fff563c03f0, RSI=0x00000000000017af, RDI=0x00007fea39a04600
R8 =0x0000000008000100, R9 =0x0000000000000000, R10=0x00007fff9722ffb8, R11=0x00000000000021ff
R12=0x0000000000000033, R13=0x00007fff7b1b3ff5, R14=0x00007fff91139b40, R15=0x00007fff97230f80
RIP=0x00007fff7a9db28e, EFLAGS=0x0000000000010202, ERR=0x0000000000000000
  TRAPNO=0x0000000000000006

Top of Stack: (sp=0x00007fff563c03e0)
0x00007fff563c03e0:   00007fea39933d00 00007fff7b1b39f2
0x00007fff563c03f0:   00007fff563c0520 00007fff7aaab5ad
0x00007fff563c0400:   00007fea33c21680 00007fff7b1b3df1
0x00007fff563c0410:   00007fea33f1e8c0 00007fea3995e3e0
0x00007fff563c0420:   00007fea39a359e0 00007fea399a6060
0x00007fff563c0430:   ffffffffffffffff 00007fff563c0470
0x00007fff563c0440:   00007fff563c0448 0000000000000033
0x00007fff563c0450:   0000000000000000 0000000000000000
0x00007fff563c0460:   0000000000000000 0000000000000000
0x00007fff563c0470:   00007fea38de18a0 00007fea38de1b00
0x00007fff563c0480:   00007fea3995bc60 00007fea3992c530
0x00007fff563c0490:   00007fea399a65b0 00007fea39958c10
0x00007fff563c04a0:   00007fea39934950 00007fea39958cc0
0x00007fff563c04b0:   00007fea399a9e90 00007fea39958060
0x00007fff563c04c0:   00007fea39920bb0 00007fea3992c5c0
0x00007fff563c04d0:   00007fea399349f0 00007fea39931cb0
0x00007fff563c04e0:   00007fea39931d20 00007fea39931d90
0x00007fff563c04f0:   a280fedd772000ff 00007fff563c0520
0x00007fff563c0500:   00007fea38f6e470 00007fff563c0530
0x00007fff563c0510:   00007fea39a359e0 00007fea33f1e8c0
0x00007fff563c0520:   00007fff563c0570 00007fff7a9db1fc
0x00007fff563c0530:   6300000000040000 00007fff563c0530
0x00007fff563c0540:   a280fedd772000ff 00007fff563c0580
0x00007fff563c0550:   00007fff563c0580 0000000000000000
0x00007fff563c0560:   00007fff563c0570 00007fea39a359e0
0x00007fff563c0570:   00007fff563c05a0 00007fff7aaa3dd3
0x00007fff563c0580:   00007fff563c0930 0000000000000000
0x00007fff563c0590:   0000000000000001 00007fea33c47240
0x00007fff563c05a0:   00007fff563c08b0 00007fff7bf5ee9d
0x00007fff563c05b0:   00007fea33c47240 00007fff7bf5eaea
0x00007fff563c05c0:   00007fff563c0b00 00007fea39a048d8
0x00007fff563c05d0:   0000000000000000 0000000000000002 

Instructions: (pc=0x00007fff7a9db28e)
0x00007fff7a9db26e:   48 89 c7 ff 15 f9 bd fe 1b 48 8b 35 b2 7b 27 1c
0x00007fff7a9db27e:   48 89 c7 ff 15 e9 bd fe 1b 48 89 05 9a d1 2d 1c
0x00007fff7a9db28e:   0f 0b 48 89 c7 e8 7c 5c 72 00 31 ff 31 f6 31 c0
0x00007fff7a9db29e:   e8 e3 c3 e2 ff e8 90 5c 72 00 48 89 c3 e8 7c 5c 

Register to memory mapping:

RAX=0x00007fea34023600 is an unknown value
RBX=0x00007fea39a359e0 is an unknown value
RCX=0x0000000000000001 is an unknown value
RDX=0x0000000000000000 is an unknown value
RSP=0x00007fff563c03e0 is pointing into the stack for thread: 0x00007fea35047000
RBP=0x00007fff563c03f0 is pointing into the stack for thread: 0x00007fea35047000
RSI=0x00000000000017af is an unknown value
RDI=0x00007fea39a04600 is an unknown value
R8 =0x0000000008000100 is an unknown value
R9 =0x0000000000000000 is an unknown value
R10=0x00007fff9722ffb8: OBJC_CLASS_$___NSCFString+0 in /System/Library/Frameworks/CoreFoundation.framework/Versions/A/CoreFoundation at 0x00007fff7c95e000
R11=0x00000000000021ff is an unknown value
R12=0x0000000000000033 is an unknown value
R13=0x00007fff7b1b3ff5: __NSStyleNameIndexTable+0x6d308 in /System/Library/Frameworks/AppKit.framework/Versions/C/AppKit at 0x00007fff7a636000
R14=0x00007fff91139b40: objc_msgSend+0 in /usr/lib/libobjc.A.dylib at 0x00007fff91133000
R15=0x00007fff97230f80: OBJC_CLASS_$_NSDictionary+0 in /System/Library/Frameworks/CoreFoundation.framework/Versions/A/CoreFoundation at 0x00007fff7c95e000


Stack: [0x00007fff55bc5000,0x00007fff563c5000],  sp=0x00007fff563c03e0,  free space=8172k
Native frames: (J=compiled Java code, j=interpreted, Vv=VM code, C=native code)
C  [AppKit+0x3a528e]  -[NSApplication _crashOnException:]+0x6d
C  [AppKit+0x4755ad]  -[NSApplication _showException:]+0x2e8
C  [AppKit+0x3a51fc]  -[NSApplication reportException:]+0x167
C  [AppKit+0x46ddd3]  uncaughtErrorProc+0x9e
C  [HIToolbox+0x8e9d]  DispatchEventToHandlers(EventTargetRec*, OpaqueEventRef*, HandlerCallRec*)+0x474
C  [HIToolbox+0x8346]  SendEventToEventTargetInternal(OpaqueEventRef*, OpaqueEventTargetRef*, HandlerCallRec*)+0x1ac
C  [HIToolbox+0x818f]  SendEventToEventTargetWithOptions+0x2b
C  [HIToolbox+0x5ef86]  SendTSMEvent_WithCompletionHandler+0x198
C  [HIToolbox+0x212378]  __SendTextInputEvent_WithCompletionHandler_block_invoke+0x248
C  [HIToolbox+0x210689]  SendTextInputEvent_WithCompletionHandler+0x482
C  [HIToolbox+0x281829]  -[IMKInputSession _postEvent:completionHandler:]+0xb0
C  [HIToolbox+0x2816f3]  -[IMKInputSession _createAndSendOffsetToPointEvent:completionHandler:]+0x119
C  [HIToolbox+0x2953ce]  -[IMKInputSession attributesForCharacterIndex_andLineRect:completionHandler:]+0x24f
C  [HIToolbox+0x29605a]  -[IMKInputSession attributesForCharacterIndex:completionHandler:]+0x50
C  [HIToolbox+0x283569]  __60-[IMKInputSession imkxpc_attributesForCharacterIndex:reply:]_block_invoke+0x1f9
C  [CoreFoundation+0xa73ac]  __CFRUNLOOP_IS_CALLING_OUT_TO_A_BLOCK__+0xc
C  [CoreFoundation+0x88424]  __CFRunLoopDoBlocks+0x164
C  [CoreFoundation+0x87bcb]  __CFRunLoopRun+0x3bb
C  [CoreFoundation+0x875b4]  CFRunLoopRunSpecific+0x1a4
C  [HIToolbox+0x30f6c]  RunCurrentEventLoopInMode+0xf0
C  [HIToolbox+0x30ca9]  ReceiveNextEventCommon+0xb8
C  [HIToolbox+0x30bd6]  _BlockUntilNextEventMatchingListInModeWithFilter+0x47
C  [AppKit+0x475f5]  _DPSNextEvent+0x445
C  [AppKit+0x7578eb]  -[NSApplication(NSEvent) _nextEventMatchingEventMask:untilDate:inMode:dequeue:]+0x665
C  [libosxapp.dylib+0x23aa]  -[NSApplicationAWT nextEventMatchingMask:untilDate:inMode:dequeue:]+0x7c
C  [AppKit+0x3bfbd]  -[NSApplication run]+0x39e
C  [libosxapp.dylib+0x214d]  +[NSApplicationAWT runAWTLoopWithApp:]+0x9c
C  [libawt_lwawt.dylib+0x444b3]  -[AWTStarter starter:]+0x389
C  [Foundation+0x71f2a]  __NSThreadPerformPerform+0x146
C  [CoreFoundation+0xa7551]  __CFRUNLOOP_IS_CALLING_OUT_TO_A_SOURCE0_PERFORM_FUNCTION__+0x11
C  [CoreFoundation+0x886bd]  __CFRunLoopDoSources0+0x22d
C  [CoreFoundation+0x87bb6]  __CFRunLoopRun+0x3a6
C  [CoreFoundation+0x875b4]  CFRunLoopRunSpecific+0x1a4
C  [java+0x6465]  CreateExecutionEnvironment+0x367
C  [java+0x218c]  JLI_Launch+0x7a0
C  [java+0x84c2]  main+0x65
C  [java+0x19e4]  start+0x34
C  0x0000000000000005


---------------  P R O C E S S  ---------------

Java Threads: ( => current thread )
  0x00007fea34e3a000 JavaThread "JFXMedia Player EventQueueThread" daemon [_thread_blocked, id=5383, stack(0x0000700002f6a000,0x000070000306a000)]
  0x00007fea3564f000 JavaThread "Prism Font Disposer" daemon [_thread_blocked, id=82991, stack(0x0000700003885000,0x0000700003985000)]
  0x00007fea34d86800 JavaThread "Watchdog-Timer-1" daemon [_thread_blocked, id=72199, stack(0x000070000306d000,0x000070000316d000)]
  0x00007fea358e3000 JavaThread "Disposer" daemon [_thread_blocked, id=78851, stack(0x0000700002d64000,0x0000700002e64000)]
  0x00007fea35cc3000 JavaThread "Thread-3" daemon [_thread_in_native, id=78083, stack(0x0000700001001000,0x0000700001081000)]
  0x00007fea35c8a800 JavaThread "Thread-2" daemon [_thread_blocked, id=76547, stack(0x0000700002bde000,0x0000700002cde000)]
  0x00007fea358b6800 JavaThread "QuantumRenderer-0" daemon [_thread_blocked, id=75847, stack(0x0000700002adb000,0x0000700002bdb000)]
  0x00007fea34074000 JavaThread "TimerQueue" daemon [_thread_blocked, id=58643, stack(0x0000700002852000,0x0000700002952000)]
  0x00007fea34290800 JavaThread "DestroyJavaVM" [_thread_blocked, id=7427, stack(0x000070000118a000,0x000070000128a000)]
  0x00007fea35162000 JavaThread "AWT-EventQueue-0" [_thread_in_native, id=62979, stack(0x00007000025c9000,0x00007000026c9000)]
  0x00007fea3413e800 JavaThread "Java2D Disposer" daemon [_thread_blocked, id=61971, stack(0x00007000023c3000,0x00007000024c3000)]
  0x00007fea34129800 JavaThread "Java2D Queue Flusher" daemon [_thread_blocked, id=59147, stack(0x00007000022c0000,0x00007000023c0000)]
  0x00007fea34148800 JavaThread "Thread-0" [_thread_in_native, id=46891, stack(0x00007000021bd000,0x00007000022bd000)]
  0x00007fea34935000 JavaThread "AWT-Shutdown" [_thread_blocked, id=29727, stack(0x0000700001fb4000,0x00007000020b4000)]
=>0x00007fea35047000 JavaThread "JavaFX Application Thread" daemon [_thread_in_native, id=2059, stack(0x00007fff55bc5000,0x00007fff563c5000)]
  0x00007fea3482a800 JavaThread "Service Thread" daemon [_thread_blocked, id=18947, stack(0x0000700001dae000,0x0000700001eae000)]
  0x00007fea34829800 JavaThread "C1 CompilerThread2" daemon [_thread_blocked, id=18435, stack(0x0000700001cab000,0x0000700001dab000)]
  0x00007fea34844000 JavaThread "C2 CompilerThread1" daemon [_thread_blocked, id=17923, stack(0x0000700001ba8000,0x0000700001ca8000)]
  0x00007fea3400f800 JavaThread "C2 CompilerThread0" daemon [_thread_blocked, id=17411, stack(0x0000700001aa5000,0x0000700001ba5000)]
  0x00007fea34843800 JavaThread "Signal Dispatcher" daemon [_thread_blocked, id=16899, stack(0x00007000019a2000,0x0000700001aa2000)]
  0x00007fea35029000 JavaThread "Finalizer" daemon [_thread_blocked, id=12803, stack(0x000070000189f000,0x000070000199f000)]
  0x00007fea3483d800 JavaThread "Reference Handler" daemon [_thread_blocked, id=12291, stack(0x000070000179c000,0x000070000189c000)]

Other Threads:
  0x00007fea34000800 VMThread [stack: 0x0000700001699000,0x0000700001799000] [id=11779]
  0x00007fea3400a800 WatcherThread [stack: 0x0000700001eb1000,0x0000700001fb1000] [id=19459]

VM state:not at safepoint (normal execution)

VM Mutex/Monitor currently owned by a thread: None

Heap:
 PSYoungGen      total 312320K, used 182859K [0x0000000795580000, 0x00000007aec00000, 0x00000007c0000000)
  eden space 282112K, 61% used [0x0000000795580000,0x000000079fe5c6b0,0x00000007a6900000)
  from space 30208K, 32% used [0x00000007a6900000,0x00000007a72b6588,0x00000007a8680000)
  to   space 29184K, 0% used [0x00000007acf80000,0x00000007acf80000,0x00000007aec00000)
 ParOldGen       total 169472K, used 64359K [0x0000000740000000, 0x000000074a580000, 0x0000000795580000)
  object space 169472K, 37% used [0x0000000740000000,0x0000000743ed9d30,0x000000074a580000)
 Metaspace       used 31651K, capacity 32584K, committed 32896K, reserved 1077248K
  class space    used 4176K, capacity 4399K, committed 4480K, reserved 1048576K

Card table byte_map: [0x000000010b55d000,0x000000010b95e000] byte_map_base: 0x0000000107b5d000

Marking Bits: (ParMarkBitMap*) 0x000000010aaedd20
 Begin Bits: [0x000000010bc09000, 0x000000010dc09000)
 End Bits:   [0x000000010dc09000, 0x000000010fc09000)

Polling page: 0x00000001098fb000

CodeCache: size=245760Kb used=14619Kb max_used=14677Kb free=231140Kb
 bounds [0x000000010fe75000, 0x0000000110d15000, 0x000000011ee75000]
 total_blobs=5420 nmethods=4505 adapters=827
 compilation: enabled

Compilation events (10 events):
Event: 149.416 Thread 0x00007fea34829800 5245       1       com.sun.javafx.webkit.prism.WCGraphicsPrismContext::shouldRenderShape (2 bytes)
Event: 149.417 Thread 0x00007fea34829800 nmethod 5245 0x00000001109f4f50 code [0x00000001109f50a0, 0x00000001109f51b0]
Event: 155.401 Thread 0x00007fea34829800 5246       3       com.sun.crypto.provider.CipherCore::getOutputSizeByOperation (163 bytes)
Event: 155.402 Thread 0x00007fea34829800 nmethod 5246 0x000000011054aa90 code [0x000000011054ac40, 0x000000011054b328]
Event: 215.905 Thread 0x00007fea3400f800 5247       4       sun.java2d.pipe.RenderQueue::unlock (4 bytes)
Event: 215.983 Thread 0x00007fea3400f800 nmethod 5247 0x00000001105b8310 code [0x00000001105b8480, 0x00000001105b8628]
Event: 504.466 Thread 0x00007fea34829800 5248 % !   3       com.sun.glass.ui.InvokeLaterDispatcher::run @ 94 (153 bytes)
Event: 504.468 Thread 0x00007fea34829800 nmethod 5248% 0x0000000110079390 code [0x00000001100795e0, 0x000000011007a6a8]
Event: 513.387 Thread 0x00007fea34829800 5249   !   3       com.sun.glass.ui.InvokeLaterDispatcher::run (153 bytes)
Event: 513.388 Thread 0x00007fea34829800 nmethod 5249 0x000000011077f650 code [0x000000011077f8a0, 0x0000000110780868]

GC Heap History (10 events):
Event: 21.316 GC heap before
{Heap before GC invocations=10 (full 2):
 PSYoungGen      total 147968K, used 124928K [0x0000000795580000, 0x00000007a5b80000, 0x00000007c0000000)
  eden space 124928K, 100% used [0x0000000795580000,0x000000079cf80000,0x000000079cf80000)
  from space 23040K, 0% used [0x000000079cf80000,0x000000079cf80000,0x000000079e600000)
  to   space 27136K, 0% used [0x00000007a4100000,0x00000007a4100000,0x00000007a5b80000)
 ParOldGen       total 146432K, used 50137K [0x0000000740000000, 0x0000000748f00000, 0x0000000795580000)
  object space 146432K, 34% used [0x0000000740000000,0x00000007430f67b0,0x0000000748f00000)
 Metaspace       used 18550K, capacity 18958K, committed 19072K, reserved 1064960K
  class space    used 2491K, capacity 2604K, committed 2688K, reserved 1048576K
Event: 21.344 GC heap after
Heap after GC invocations=10 (full 2):
 PSYoungGen      total 237568K, used 24044K [0x0000000795580000, 0x00000007a6900000, 0x00000007c0000000)
  eden space 210432K, 0% used [0x0000000795580000,0x0000000795580000,0x00000007a2300000)
  from space 27136K, 88% used [0x00000007a4100000,0x00000007a587b1a0,0x00000007a5b80000)
  to   space 30720K, 0% used [0x00000007a2300000,0x00000007a2300000,0x00000007a4100000)
 ParOldGen       total 146432K, used 56992K [0x0000000740000000, 0x0000000748f00000, 0x0000000795580000)
  object space 146432K, 38% used [0x0000000740000000,0x00000007437a83e0,0x0000000748f00000)
 Metaspace       used 18550K, capacity 18958K, committed 19072K, reserved 1064960K
  class space    used 2491K, capacity 2604K, committed 2688K, reserved 1048576K
}
Event: 22.272 GC heap before
{Heap before GC invocations=11 (full 2):
 PSYoungGen      total 237568K, used 44765K [0x0000000795580000, 0x00000007a6900000, 0x00000007c0000000)
  eden space 210432K, 9% used [0x0000000795580000,0x00000007969bc418,0x00000007a2300000)
  from space 27136K, 88% used [0x00000007a4100000,0x00000007a587b1a0,0x00000007a5b80000)
  to   space 30720K, 0% used [0x00000007a2300000,0x00000007a2300000,0x00000007a4100000)
 ParOldGen       total 146432K, used 56992K [0x0000000740000000, 0x0000000748f00000, 0x0000000795580000)
  object space 146432K, 38% used [0x0000000740000000,0x00000007437a83e0,0x0000000748f00000)
 Metaspace       used 25148K, capacity 25778K, committed 25816K, reserved 1071104K
  class space    used 3531K, capacity 3698K, committed 3712K, reserved 1048576K
Event: 22.287 GC heap after
Heap after GC invocations=11 (full 2):
 PSYoungGen      total 241152K, used 17075K [0x0000000795580000, 0x00000007abc80000, 0x00000007c0000000)
  eden space 210432K, 0% used [0x0000000795580000,0x0000000795580000,0x00000007a2300000)
  from space 30720K, 55% used [0x00000007a2300000,0x00000007a33acc18,0x00000007a4100000)
  to   space 29696K, 0% used [0x00000007a9f80000,0x00000007a9f80000,0x00000007abc80000)
 ParOldGen       total 146432K, used 57000K [0x0000000740000000, 0x0000000748f00000, 0x0000000795580000)
  object space 146432K, 38% used [0x0000000740000000,0x00000007437aa3e0,0x0000000748f00000)
 Metaspace       used 25148K, capacity 25778K, committed 25816K, reserved 1071104K
  class space    used 3531K, capacity 3698K, committed 3712K, reserved 1048576K
}
Event: 22.287 GC heap before
{Heap before GC invocations=12 (full 3):
 PSYoungGen      total 241152K, used 17075K [0x0000000795580000, 0x00000007abc80000, 0x00000007c0000000)
  eden space 210432K, 0% used [0x0000000795580000,0x0000000795580000,0x00000007a2300000)
  from space 30720K, 55% used [0x00000007a2300000,0x00000007a33acc18,0x00000007a4100000)
  to   space 29696K, 0% used [0x00000007a9f80000,0x00000007a9f80000,0x00000007abc80000)
 ParOldGen       total 146432K, used 57000K [0x0000000740000000, 0x0000000748f00000, 0x0000000795580000)
  object space 146432K, 38% used [0x0000000740000000,0x00000007437aa3e0,0x0000000748f00000)
 Metaspace       used 25148K, capacity 25778K, committed 25816K, reserved 1071104K
  class space    used 3531K, capacity 3698K, committed 3712K, reserved 1048576K
Event: 22.366 GC heap after
Heap after GC invocations=12 (full 3):
 PSYoungGen      total 241152K, used 0K [0x0000000795580000, 0x00000007abc80000, 0x00000007c0000000)
  eden space 210432K, 0% used [0x0000000795580000,0x0000000795580000,0x00000007a2300000)
  from space 30720K, 0% used [0x00000007a2300000,0x00000007a2300000,0x00000007a4100000)
  to   space 29696K, 0% used [0x00000007a9f80000,0x00000007a9f80000,0x00000007abc80000)
 ParOldGen       total 169472K, used 61687K [0x0000000740000000, 0x000000074a580000, 0x0000000795580000)
  object space 169472K, 36% used [0x0000000740000000,0x0000000743c3dfc0,0x000000074a580000)
 Metaspace       used 25148K, capacity 25778K, committed 25816K, reserved 1071104K
  class space    used 3531K, capacity 3698K, committed 3712K, reserved 1048576K
}
Event: 24.424 GC heap before
{Heap before GC invocations=13 (full 3):
 PSYoungGen      total 241152K, used 210423K [0x0000000795580000, 0x00000007abc80000, 0x00000007c0000000)
  eden space 210432K, 99% used [0x0000000795580000,0x00000007a22fdc68,0x00000007a2300000)
  from space 30720K, 0% used [0x00000007a2300000,0x00000007a2300000,0x00000007a4100000)
  to   space 29696K, 0% used [0x00000007a9f80000,0x00000007a9f80000,0x00000007abc80000)
 ParOldGen       total 169472K, used 61687K [0x0000000740000000, 0x000000074a580000, 0x0000000795580000)
  object space 169472K, 36% used [0x0000000740000000,0x0000000743c3dfc0,0x000000074a580000)
 Metaspace       used 27973K, capacity 28672K, committed 28928K, reserved 1075200K
  class space    used 3852K, capacity 4033K, committed 4096K, reserved 1048576K
Event: 24.433 GC heap after
Heap after GC invocations=13 (full 3):
 PSYoungGen      total 283136K, used 4252K [0x0000000795580000, 0x00000007aa400000, 0x00000007c0000000)
  eden space 278528K, 0% used [0x0000000795580000,0x0000000795580000,0x00000007a6580000)
  from space 4608K, 92% used [0x00000007a9f80000,0x00000007aa3a7278,0x00000007aa400000)
  to   space 30208K, 0% used [0x00000007a6900000,0x00000007a6900000,0x00000007a8680000)
 ParOldGen       total 169472K, used 61695K [0x0000000740000000, 0x000000074a580000, 0x0000000795580000)
  object space 169472K, 36% used [0x0000000740000000,0x0000000743c3ffc0,0x000000074a580000)
 Metaspace       used 27973K, capacity 28672K, committed 28928K, reserved 1075200K
  class space    used 3852K, capacity 4033K, committed 4096K, reserved 1048576K
}
Event: 115.617 GC heap before
{Heap before GC invocations=14 (full 3):
 PSYoungGen      total 283136K, used 282780K [0x0000000795580000, 0x00000007aa400000, 0x00000007c0000000)
  eden space 278528K, 100% used [0x0000000795580000,0x00000007a6580000,0x00000007a6580000)
  from space 4608K, 92% used [0x00000007a9f80000,0x00000007aa3a7278,0x00000007aa400000)
  to   space 30208K, 0% used [0x00000007a6900000,0x00000007a6900000,0x00000007a8680000)
 ParOldGen       total 169472K, used 61695K [0x0000000740000000, 0x000000074a580000, 0x0000000795580000)
  object space 169472K, 36% used [0x0000000740000000,0x0000000743c3ffc0,0x000000074a580000)
 Metaspace       used 30946K, capacity 31828K, committed 32128K, reserved 1077248K
  class space    used 4161K, capacity 4365K, committed 4480K, reserved 1048576K
Event: 115.683 GC heap after
Heap after GC invocations=14 (full 3):
 PSYoungGen      total 312320K, used 9945K [0x0000000795580000, 0x00000007aec00000, 0x00000007c0000000)
  eden space 282112K, 0% used [0x0000000795580000,0x0000000795580000,0x00000007a6900000)
  from space 30208K, 32% used [0x00000007a6900000,0x00000007a72b6588,0x00000007a8680000)
  to   space 29184K, 0% used [0x00000007acf80000,0x00000007acf80000,0x00000007aec00000)
 ParOldGen       total 169472K, used 64359K [0x0000000740000000, 0x000000074a580000, 0x0000000795580000)
  object space 169472K, 37% used [0x0000000740000000,0x0000000743ed9d30,0x000000074a580000)
 Metaspace       used 30946K, capacity 31828K, committed 32128K, reserved 1077248K
  class space    used 4161K, capacity 4365K, committed 4480K, reserved 1048576K
}

Deoptimization events (10 events):
Event: 115.533 Thread 0x00007fea35650000 Uncommon trap: reason=bimorphic action=maybe_recompile pc=0x0000000110644eb0 method=java.util.regex.Pattern$BmpCharProperty.match(Ljava/util/regex/Matcher;ILjava/lang/CharSequence;)Z @ 16
Event: 115.533 Thread 0x00007fea35650000 Uncommon trap: reason=class_check action=maybe_recompile pc=0x000000011066d98c method=java.util.regex.Pattern$Curly.match0(Ljava/util/regex/Matcher;IILjava/lang/CharSequence;)Z @ 170
Event: 115.533 Thread 0x00007fea35650000 Uncommon trap: reason=bimorphic action=maybe_recompile pc=0x0000000110644eb0 method=java.util.regex.Pattern$BmpCharProperty.match(Ljava/util/regex/Matcher;ILjava/lang/CharSequence;)Z @ 16
Event: 118.456 Thread 0x00007fea35162000 Uncommon trap: reason=unstable_if action=reinterpret pc=0x0000000110a52200 method=javax.swing.SwingUtilities.computeIntersection(IIIILjava/awt/Rectangle;)Ljava/awt/Rectangle; @ 62
Event: 118.594 Thread 0x00007fea358b6800 Uncommon trap: reason=unstable_if action=reinterpret pc=0x00000001100aaf64 method=java.lang.Math.round(F)I @ 36
Event: 127.610 Thread 0x00007fea358b6800 Uncommon trap: reason=unstable_if action=reinterpret pc=0x0000000110bf26e8 method=com.sun.webkit.graphics.GraphicsDecoder.decode(Lcom/sun/webkit/graphics/WCGraphicsManager;Lcom/sun/webkit/graphics/WCGraphicsContext;Lcom/sun/webkit/graphics/BufferData;)V @
Event: 128.751 Thread 0x00007fea358b6800 Uncommon trap: reason=null_check action=maybe_recompile pc=0x0000000110a4f518 method=com.sun.javafx.webkit.prism.WCGraphicsPrismContext$ContextState.access$400(Lcom/sun/javafx/webkit/prism/WCGraphicsPrismContext$ContextState;)Lcom/sun/javafx/webkit/prism/
Event: 139.139 Thread 0x00007fea358b6800 Uncommon trap: reason=unstable_if action=reinterpret pc=0x0000000110c56b18 method=com.sun.prism.impl.ManagedResource.bumpAge(I)V @ 7
Event: 147.887 Thread 0x00007fea358b6800 Uncommon trap: reason=unstable_if action=reinterpret pc=0x0000000110ab8334 method=com.sun.scenario.effect.impl.ImagePool.checkOut(Lcom/sun/scenario/effect/impl/Renderer;II)Lcom/sun/scenario/effect/impl/PoolFilterable; @ 201
Event: 155.464 Thread 0x00007fea346c5800 Uncommon trap: reason=unstable_if action=reinterpret pc=0x0000000110896274 method=java.util.concurrent.locks.AbstractQueuedSynchronizer.enq(Ljava/util/concurrent/locks/AbstractQueuedSynchronizer$Node;)Ljava/util/concurrent/locks/AbstractQueuedSynchronizer

Internal exceptions (10 events):
Event: 24.824 Thread 0x00007fea34470800 Exception <a 'java/lang/ClassNotFoundException': sun/net/www/protocol/data/Handler> (0x000000079abdc200) thrown at [/HUDSON3/workspace/8-2-build-macosx-x86_64/jdk8u101/7261/hotspot/src/share/vm/classfile/systemDictionary.cpp, line 210]
Event: 24.824 Thread 0x00007fea34470800 Exception <a 'java/lang/ClassNotFoundException': sun/net/www/protocol/data/Handler> (0x000000079abe21f0) thrown at [/HUDSON3/workspace/8-2-build-macosx-x86_64/jdk8u101/7261/hotspot/src/share/vm/classfile/systemDictionary.cpp, line 210]
Event: 24.824 Thread 0x00007fea34e56800 Exception <a 'java/lang/ClassNotFoundException': sun/net/www/protocol/data/Handler> (0x000000079ab340a0) thrown at [/HUDSON3/workspace/8-2-build-macosx-x86_64/jdk8u101/7261/hotspot/src/share/vm/classfile/systemDictionary.cpp, line 210]
Event: 24.825 Thread 0x00007fea35e93000 Exception <a 'java/lang/ClassNotFoundException': sun/net/www/protocol/data/Handler> (0x000000079ac8a3a8) thrown at [/HUDSON3/workspace/8-2-build-macosx-x86_64/jdk8u101/7261/hotspot/src/share/vm/classfile/systemDictionary.cpp, line 210]
Event: 24.825 Thread 0x00007fea35e93000 Exception <a 'java/lang/ClassNotFoundException': sun/net/www/protocol/data/Handler> (0x000000079ac90ff0) thrown at [/HUDSON3/workspace/8-2-build-macosx-x86_64/jdk8u101/7261/hotspot/src/share/vm/classfile/systemDictionary.cpp, line 210]
Event: 25.728 Thread 0x00007fea35047000 Exception <a 'java/io/FileNotFoundException'> (0x000000079b221578) thrown at [/HUDSON3/workspace/8-2-build-macosx-x86_64/jdk8u101/7261/hotspot/src/share/vm/prims/jni.cpp, line 709]
Event: 115.719 Thread 0x00007fea35650000 Exception <a 'java/lang/ClassNotFoundException': sun/net/www/protocol/data/Handler> (0x0000000797ad8678) thrown at [/HUDSON3/workspace/8-2-build-macosx-x86_64/jdk8u101/7261/hotspot/src/share/vm/classfile/systemDictionary.cpp, line 210]
Event: 115.720 Thread 0x00007fea35650000 Exception <a 'java/lang/ClassNotFoundException': sun/net/www/protocol/data/Handler> (0x0000000797adf1d8) thrown at [/HUDSON3/workspace/8-2-build-macosx-x86_64/jdk8u101/7261/hotspot/src/share/vm/classfile/systemDictionary.cpp, line 210]
Event: 128.751 Thread 0x00007fea358b6800 Implicit null exception at 0x0000000110a4da2c to 0x0000000110a4f50d
Event: 148.241 Thread 0x00007fea35162000 Exception <a 'java/lang/NullPointerException'> (0x000000079e814f98) thrown at [/HUDSON3/workspace/8-2-build-macosx-x86_64/jdk8u101/7261/hotspot/src/share/vm/interpreter/linkResolver.cpp, line 1178]

Events (10 events):
Event: 155.624 Thread 0x00007fea34469000 Thread exited: 0x00007fea34469000
Event: 155.661 Thread 0x00007fea357f7000 Thread exited: 0x00007fea357f7000
Event: 215.988 Thread 0x00007fea3400f800 flushing nmethod 0x0000000110075490
Event: 215.988 Thread 0x00007fea3400f800 flushing nmethod 0x0000000110078190
Event: 215.991 Thread 0x00007fea3400f800 flushing nmethod 0x0000000110082bd0
Event: 215.993 Thread 0x00007fea3400f800 flushing nmethod 0x000000011008b850
Event: 504.469 Thread 0x00007fea34829800 flushing nmethod 0x000000011009edd0
Event: 504.469 Thread 0x00007fea34829800 flushing nmethod 0x00000001100af5d0
Event: 504.470 Thread 0x00007fea34829800 flushing nmethod 0x00000001100cc450
Event: 513.392 Thread 0x00007fea34829800 flushing nmethod 0x00000001101419d0


Dynamic libraries:
0x00000000077e9000 	/System/Library/Frameworks/Cocoa.framework/Versions/A/Cocoa
0x00000000077e9000 	/System/Library/Frameworks/Security.framework/Versions/A/Security
0x00000000077e9000 	/System/Library/Frameworks/ApplicationServices.framework/Versions/A/ApplicationServices
0x00000000077e9000 	/usr/lib/libz.1.dylib
0x00000000077e9000 	/usr/lib/libSystem.B.dylib
0x00000000077e9000 	/usr/lib/libobjc.A.dylib
0x00000000077e9000 	/System/Library/Frameworks/CoreFoundation.framework/Versions/A/CoreFoundation
0x00000000077e9000 	/System/Library/Frameworks/Foundation.framework/Versions/C/Foundation
0x00000000077e9000 	/System/Library/Frameworks/AppKit.framework/Versions/C/AppKit
0x00000000077e9000 	/System/Library/Frameworks/CoreData.framework/Versions/A/CoreData
0x00000000077e9000 	/System/Library/PrivateFrameworks/RemoteViewServices.framework/Versions/A/RemoteViewServices
0x00000000077e9000 	/System/Library/PrivateFrameworks/UIFoundation.framework/Versions/A/UIFoundation
0x00000000077e9000 	/usr/lib/libenergytrace.dylib
0x00000000077e9000 	/System/Library/PrivateFrameworks/SkyLight.framework/Versions/A/SkyLight
0x00000000077e9000 	/System/Library/Frameworks/CoreGraphics.framework/Versions/A/CoreGraphics
0x00000000077e9000 	/usr/lib/libScreenReader.dylib
0x00000000077e9000 	/System/Library/Frameworks/Accelerate.framework/Versions/A/Accelerate
0x00000000077e9000 	/System/Library/Frameworks/IOSurface.framework/Versions/A/IOSurface
0x00000000077e9000 	/System/Library/Frameworks/AudioToolbox.framework/Versions/A/AudioToolbox
0x00000000077e9000 	/System/Library/Frameworks/AudioUnit.framework/Versions/A/AudioUnit
0x00000000077e9000 	/System/Library/PrivateFrameworks/DataDetectorsCore.framework/Versions/A/DataDetectorsCore
0x00000000077e9000 	/System/Library/PrivateFrameworks/DesktopServicesPriv.framework/Versions/A/DesktopServicesPriv
0x00000000077e9000 	/System/Library/Frameworks/Carbon.framework/Versions/A/Frameworks/HIToolbox.framework/Versions/A/HIToolbox
0x00000000077e9000 	/usr/lib/libicucore.A.dylib
0x00000000077e9000 	/System/Library/Frameworks/QuartzCore.framework/Versions/A/QuartzCore
0x00000000077e9000 	/System/Library/Frameworks/Carbon.framework/Versions/A/Frameworks/SpeechRecognition.framework/Versions/A/SpeechRecognition
0x00000000077e9000 	/usr/lib/libauto.dylib
0x00000000077e9000 	/usr/lib/libxml2.2.dylib
0x00000000077e9000 	/System/Library/PrivateFrameworks/CoreUI.framework/Versions/A/CoreUI
0x00000000077e9000 	/System/Library/Frameworks/CoreAudio.framework/Versions/A/CoreAudio
0x00000000077e9000 	/System/Library/Frameworks/DiskArbitration.framework/Versions/A/DiskArbitration
0x00000000077e9000 	/usr/lib/liblangid.dylib
0x00000000077e9000 	/System/Library/PrivateFrameworks/MultitouchSupport.framework/Versions/A/MultitouchSupport
0x00000000077e9000 	/System/Library/Frameworks/IOKit.framework/Versions/A/IOKit
0x00000000077e9000 	/usr/lib/libDiagnosticMessagesClient.dylib
0x00000000077e9000 	/System/Library/Frameworks/CoreServices.framework/Versions/A/CoreServices
0x00000000077e9000 	/System/Library/PrivateFrameworks/PerformanceAnalysis.framework/Versions/A/PerformanceAnalysis
0x00000000077e9000 	/System/Library/PrivateFrameworks/GenerationalStorage.framework/Versions/A/GenerationalStorage
0x00000000077e9000 	/System/Library/Frameworks/OpenGL.framework/Versions/A/OpenGL
0x00000000077e9000 	/System/Library/Frameworks/CoreImage.framework/Versions/A/CoreImage
0x00000000077e9000 	/System/Library/Frameworks/CoreText.framework/Versions/A/CoreText
0x00000000077e9000 	/System/Library/Frameworks/ImageIO.framework/Versions/A/ImageIO
0x00000000077e9000 	/System/Library/PrivateFrameworks/Backup.framework/Versions/A/Backup
0x00000000077e9000 	/usr/lib/libarchive.2.dylib
0x00000000077e9000 	/System/Library/Frameworks/CFNetwork.framework/Versions/A/CFNetwork
0x00000000077e9000 	/System/Library/Frameworks/SystemConfiguration.framework/Versions/A/SystemConfiguration
0x00000000077e9000 	/usr/lib/libCRFSuite.dylib
0x00000000077e9000 	/usr/lib/libc++.1.dylib
0x00000000077e9000 	/usr/lib/libc++abi.dylib
0x00000000077e9000 	/usr/lib/system/libcache.dylib
0x00000000077e9000 	/usr/lib/system/libcommonCrypto.dylib
0x00000000077e9000 	/usr/lib/system/libcompiler_rt.dylib
0x00000000077e9000 	/usr/lib/system/libcopyfile.dylib
0x00000000077e9000 	/usr/lib/system/libcorecrypto.dylib
0x00000000077e9000 	/usr/lib/system/libdispatch.dylib
0x00000000077e9000 	/usr/lib/system/libdyld.dylib
0x00000000077e9000 	/usr/lib/system/libkeymgr.dylib
0x00000000077e9000 	/usr/lib/system/liblaunch.dylib
0x00000000077e9000 	/usr/lib/system/libmacho.dylib
0x00000000077e9000 	/usr/lib/system/libquarantine.dylib
0x00000000077e9000 	/usr/lib/system/libremovefile.dylib
0x00000000077e9000 	/usr/lib/system/libsystem_asl.dylib
0x00000000077e9000 	/usr/lib/system/libsystem_blocks.dylib
0x00000000077e9000 	/usr/lib/system/libsystem_c.dylib
0x00000000077e9000 	/usr/lib/system/libsystem_configuration.dylib
0x00000000077e9000 	/usr/lib/system/libsystem_coreservices.dylib
0x00000000077e9000 	/usr/lib/system/libsystem_coretls.dylib
0x00000000077e9000 	/usr/lib/system/libsystem_dnssd.dylib
0x00000000077e9000 	/usr/lib/system/libsystem_info.dylib
0x00000000077e9000 	/usr/lib/system/libsystem_kernel.dylib
0x00000000077e9000 	/usr/lib/system/libsystem_m.dylib
0x00000000077e9000 	/usr/lib/system/libsystem_malloc.dylib
0x00000000077e9000 	/usr/lib/system/libsystem_network.dylib
0x00000000077e9000 	/usr/lib/system/libsystem_networkextension.dylib
0x00000000077e9000 	/usr/lib/system/libsystem_notify.dylib
0x00000000077e9000 	/usr/lib/system/libsystem_platform.dylib
0x00000000077e9000 	/usr/lib/system/libsystem_pthread.dylib
0x00000000077e9000 	/usr/lib/system/libsystem_sandbox.dylib
0x00000000077e9000 	/usr/lib/system/libsystem_secinit.dylib
0x00000000077e9000 	/usr/lib/system/libsystem_symptoms.dylib
0x00000000077e9000 	/usr/lib/system/libsystem_trace.dylib
0x00000000077e9000 	/usr/lib/system/libunwind.dylib
0x00000000077e9000 	/usr/lib/system/libxpc.dylib
0x00000000077e9000 	/usr/lib/libbsm.0.dylib
0x00000000077e9000 	/usr/lib/system/libkxld.dylib
0x00000000077e9000 	/usr/lib/libcoretls.dylib
0x00000000077e9000 	/usr/lib/libcoretls_cfhelpers.dylib
0x00000000077e9000 	/usr/lib/libxar.1.dylib
0x00000000077e9000 	/usr/lib/libsqlite3.dylib
0x00000000077e9000 	/usr/lib/libpam.2.dylib
0x00000000077e9000 	/usr/lib/libOpenScriptingUtil.dylib
0x00000000077e9000 	/usr/lib/libbz2.1.0.dylib
0x00000000077e9000 	/usr/lib/liblzma.5.dylib
0x00000000077e9000 	/usr/lib/libnetwork.dylib
0x00000000077e9000 	/usr/lib/libpcap.A.dylib
0x00000000077e9000 	/System/Library/Frameworks/CoreServices.framework/Versions/A/Frameworks/FSEvents.framework/Versions/A/FSEvents
0x00000000077e9000 	/System/Library/Frameworks/CoreServices.framework/Versions/A/Frameworks/CarbonCore.framework/Versions/A/CarbonCore
0x00000000077e9000 	/System/Library/Frameworks/CoreServices.framework/Versions/A/Frameworks/Metadata.framework/Versions/A/Metadata
0x00000000077e9000 	/System/Library/Frameworks/CoreServices.framework/Versions/A/Frameworks/OSServices.framework/Versions/A/OSServices
0x00000000077e9000 	/System/Library/Frameworks/CoreServices.framework/Versions/A/Frameworks/SearchKit.framework/Versions/A/SearchKit
0x00000000077e9000 	/System/Library/Frameworks/CoreServices.framework/Versions/A/Frameworks/AE.framework/Versions/A/AE
0x00000000077e9000 	/System/Library/Frameworks/CoreServices.framework/Versions/A/Frameworks/LaunchServices.framework/Versions/A/LaunchServices
0x00000000077e9000 	/System/Library/Frameworks/CoreServices.framework/Versions/A/Frameworks/DictionaryServices.framework/Versions/A/DictionaryServices
0x00000000077e9000 	/System/Library/Frameworks/CoreServices.framework/Versions/A/Frameworks/SharedFileList.framework/Versions/A/SharedFileList
0x00000000077e9000 	/System/Library/Frameworks/NetFS.framework/Versions/A/NetFS
0x00000000077e9000 	/System/Library/PrivateFrameworks/NetAuth.framework/Versions/A/NetAuth
0x00000000077e9000 	/System/Library/PrivateFrameworks/login.framework/Versions/A/Frameworks/loginsupport.framework/Versions/A/loginsupport
0x00000000077e9000 	/System/Library/PrivateFrameworks/TCC.framework/Versions/A/TCC
0x00000000077e9000 	/usr/lib/libmecabra.dylib
0x00000000077e9000 	/System/Library/Frameworks/ApplicationServices.framework/Versions/A/Frameworks/ATS.framework/Versions/A/ATS
0x00000000077e9000 	/System/Library/Frameworks/ApplicationServices.framework/Versions/A/Frameworks/ColorSync.framework/Versions/A/ColorSync
0x00000000077e9000 	/System/Library/Frameworks/ApplicationServices.framework/Versions/A/Frameworks/HIServices.framework/Versions/A/HIServices
0x00000000077e9000 	/System/Library/Frameworks/ApplicationServices.framework/Versions/A/Frameworks/LangAnalysis.framework/Versions/A/LangAnalysis
0x00000000077e9000 	/System/Library/Frameworks/ApplicationServices.framework/Versions/A/Frameworks/PrintCore.framework/Versions/A/PrintCore
0x00000000077e9000 	/System/Library/Frameworks/ApplicationServices.framework/Versions/A/Frameworks/QD.framework/Versions/A/QD
0x00000000077e9000 	/System/Library/Frameworks/ApplicationServices.framework/Versions/A/Frameworks/SpeechSynthesis.framework/Versions/A/SpeechSynthesis
0x00000000077e9000 	/System/Library/Frameworks/Accelerate.framework/Versions/A/Frameworks/vImage.framework/Versions/A/vImage
0x00000000077e9000 	/System/Library/Frameworks/Accelerate.framework/Versions/A/Frameworks/vecLib.framework/Versions/A/vecLib
0x00000000077e9000 	/System/Library/Frameworks/Accelerate.framework/Versions/A/Frameworks/vecLib.framework/Versions/A/libvDSP.dylib
0x00000000077e9000 	/System/Library/Frameworks/Accelerate.framework/Versions/A/Frameworks/vecLib.framework/Versions/A/libBNNS.dylib
0x00000000077e9000 	/System/Library/Frameworks/Accelerate.framework/Versions/A/Frameworks/vecLib.framework/Versions/A/libQuadrature.dylib
0x00000000077e9000 	/System/Library/Frameworks/Accelerate.framework/Versions/A/Frameworks/vecLib.framework/Versions/A/libvMisc.dylib
0x00000000077e9000 	/System/Library/Frameworks/Accelerate.framework/Versions/A/Frameworks/vecLib.framework/Versions/A/libLAPACK.dylib
0x00000000077e9000 	/System/Library/Frameworks/Accelerate.framework/Versions/A/Frameworks/vecLib.framework/Versions/A/libBLAS.dylib
0x00000000077e9000 	/System/Library/Frameworks/Accelerate.framework/Versions/A/Frameworks/vecLib.framework/Versions/A/libLinearAlgebra.dylib
0x00000000077e9000 	/System/Library/Frameworks/Accelerate.framework/Versions/A/Frameworks/vecLib.framework/Versions/A/libSparseBLAS.dylib
0x00000000077e9000 	/System/Library/Frameworks/ApplicationServices.framework/Versions/A/Frameworks/ATS.framework/Versions/A/Resources/libFontParser.dylib
0x00000000077e9000 	/System/Library/Frameworks/ApplicationServices.framework/Versions/A/Frameworks/ATS.framework/Versions/A/Resources/libFontRegistry.dylib
0x00000000077e9000 	/System/Library/Frameworks/ImageIO.framework/Versions/A/Resources/libJPEG.dylib
0x00000000077e9000 	/System/Library/Frameworks/ImageIO.framework/Versions/A/Resources/libTIFF.dylib
0x00000000077e9000 	/System/Library/Frameworks/ImageIO.framework/Versions/A/Resources/libPng.dylib
0x00000000077e9000 	/System/Library/Frameworks/ImageIO.framework/Versions/A/Resources/libGIF.dylib
0x00000000077e9000 	/System/Library/Frameworks/ImageIO.framework/Versions/A/Resources/libJP2.dylib
0x00000000077e9000 	/System/Library/Frameworks/ImageIO.framework/Versions/A/Resources/libRadiance.dylib
0x00000000077e9000 	/usr/lib/libcompression.dylib
0x00000000077e9000 	/System/Library/PrivateFrameworks/AppleJPEG.framework/Versions/A/AppleJPEG
0x00000000077e9000 	/usr/lib/libcups.2.dylib
0x00000000077e9000 	/System/Library/Frameworks/Kerberos.framework/Versions/A/Kerberos
0x00000000077e9000 	/System/Library/Frameworks/GSS.framework/Versions/A/GSS
0x00000000077e9000 	/usr/lib/libresolv.9.dylib
0x00000000077e9000 	/usr/lib/libiconv.2.dylib
0x00000000077e9000 	/System/Library/PrivateFrameworks/Heimdal.framework/Versions/A/Heimdal
0x00000000077e9000 	/usr/lib/libheimdal-asn1.dylib
0x00000000077e9000 	/System/Library/Frameworks/OpenDirectory.framework/Versions/A/OpenDirectory
0x00000000077e9000 	/System/Library/PrivateFrameworks/CommonAuth.framework/Versions/A/CommonAuth
0x00000000077e9000 	/System/Library/Frameworks/OpenDirectory.framework/Versions/A/Frameworks/CFOpenDirectory.framework/Versions/A/CFOpenDirectory
0x00000000077e9000 	/System/Library/Frameworks/SecurityFoundation.framework/Versions/A/SecurityFoundation
0x00000000077e9000 	/System/Library/PrivateFrameworks/LanguageModeling.framework/Versions/A/LanguageModeling
0x00000000077e9000 	/usr/lib/libmarisa.dylib
0x00000000077e9000 	/usr/lib/libChineseTokenizer.dylib
0x00000000077e9000 	/usr/lib/libcmph.dylib
0x00000000077e9000 	/System/Library/PrivateFrameworks/CoreEmoji.framework/Versions/A/CoreEmoji
0x00000000077e9000 	/System/Library/Frameworks/ServiceManagement.framework/Versions/A/ServiceManagement
0x00000000077e9000 	/usr/lib/libxslt.1.dylib
0x00000000077e9000 	/System/Library/Frameworks/Carbon.framework/Versions/A/Frameworks/Ink.framework/Versions/A/Ink
0x00000000077e9000 	/System/Library/PrivateFrameworks/TextureIO.framework/Versions/A/TextureIO
0x00000000077e9000 	/System/Library/Frameworks/Metal.framework/Versions/A/Metal
0x00000000077e9000 	/usr/lib/libate.dylib
0x00000000077e9000 	/System/Library/PrivateFrameworks/GPUCompiler.framework/libmetal_timestamp.dylib
0x00000000077e9000 	/System/Library/Frameworks/OpenGL.framework/Versions/A/Libraries/libCoreFSCache.dylib
0x00000000077e9000 	/System/Library/PrivateFrameworks/IOAccelerator.framework/Versions/A/IOAccelerator
0x00000000077e9000 	/System/Library/Frameworks/CoreVideo.framework/Versions/A/CoreVideo
0x00000000077e9000 	/usr/lib/libFosl_dynamic.dylib
0x00000000077e9000 	/System/Library/PrivateFrameworks/MetalPerformanceShaders.framework/Versions/A/MetalPerformanceShaders
0x00000000077e9000 	/System/Library/PrivateFrameworks/FaceCore.framework/Versions/A/FaceCore
0x00000000077e9000 	/System/Library/Frameworks/OpenCL.framework/Versions/A/OpenCL
0x00000000077e9000 	/System/Library/Frameworks/OpenGL.framework/Versions/A/Libraries/libGLU.dylib
0x00000000077e9000 	/System/Library/Frameworks/OpenGL.framework/Versions/A/Libraries/libGFXShared.dylib
0x00000000077e9000 	/System/Library/Frameworks/OpenGL.framework/Versions/A/Libraries/libGL.dylib
0x00000000077e9000 	/System/Library/Frameworks/OpenGL.framework/Versions/A/Libraries/libGLImage.dylib
0x00000000077e9000 	/System/Library/Frameworks/OpenGL.framework/Versions/A/Libraries/libCVMSPluginSupport.dylib
0x00000000077e9000 	/System/Library/Frameworks/OpenGL.framework/Versions/A/Libraries/libCoreVMClient.dylib
0x00000000077e9000 	/System/Library/PrivateFrameworks/CrashReporterSupport.framework/Versions/A/CrashReporterSupport
0x00000000077e9000 	/System/Library/PrivateFrameworks/Sharing.framework/Versions/A/Sharing
0x00000000077e9000 	/System/Library/PrivateFrameworks/IconServices.framework/Versions/A/IconServices
0x00000000077e9000 	/System/Library/PrivateFrameworks/ProtocolBuffer.framework/Versions/A/ProtocolBuffer
0x00000000077e9000 	/System/Library/PrivateFrameworks/Apple80211.framework/Versions/A/Apple80211
0x00000000077e9000 	/System/Library/Frameworks/CoreWLAN.framework/Versions/A/CoreWLAN
0x00000000077e9000 	/System/Library/PrivateFrameworks/CoreUtils.framework/Versions/A/CoreUtils
0x00000000077e9000 	/System/Library/Frameworks/IOBluetooth.framework/Versions/A/IOBluetooth
0x00000000077e9000 	/System/Library/PrivateFrameworks/CoreWiFi.framework/Versions/A/CoreWiFi
0x00000000077e9000 	/System/Library/Frameworks/CoreBluetooth.framework/Versions/A/CoreBluetooth
0x00000000077e9000 	/System/Library/Frameworks/CoreDisplay.framework/Versions/A/CoreDisplay
0x00000000077e9000 	/System/Library/PrivateFrameworks/IOPresentment.framework/Versions/A/IOPresentment
0x00000000077e9000 	/System/Library/PrivateFrameworks/DebugSymbols.framework/Versions/A/DebugSymbols
0x00000000077e9000 	/System/Library/PrivateFrameworks/CoreSymbolication.framework/Versions/A/CoreSymbolication
0x00000000077e9000 	/System/Library/PrivateFrameworks/Symbolication.framework/Versions/A/Symbolication
0x00000000077e9000 	/System/Library/PrivateFrameworks/AppleFSCompression.framework/Versions/A/AppleFSCompression
0x00000000077e9000 	/System/Library/PrivateFrameworks/SpeechRecognitionCore.framework/Versions/A/SpeechRecognitionCore
0x00000000077e9000 	/System/Library/PrivateFrameworks/ChunkingLibrary.framework/Versions/A/ChunkingLibrary
0x000000010a200000 	/Library/Java/JavaVirtualMachines/jdk1.8.0_101.jdk/Contents/Home/jre/lib/server/libjvm.dylib
0x00000000077e9000 	/usr/lib/libstdc++.6.dylib
0x00000001098b8000 	/Library/Java/JavaVirtualMachines/jdk1.8.0_101.jdk/Contents/Home/jre/lib/libverify.dylib
0x00000001098c6000 	/Library/Java/JavaVirtualMachines/jdk1.8.0_101.jdk/Contents/Home/jre/lib/libjava.dylib
0x0000000109905000 	/Library/Java/JavaVirtualMachines/jdk1.8.0_101.jdk/Contents/Home/jre/lib/libzip.dylib
0x000000010fdd0000 	/System/Library/Frameworks/JavaVM.framework/Frameworks/JavaRuntimeSupport.framework/JavaRuntimeSupport
0x0000000120aba000 	/System/Library/Frameworks/JavaVM.framework/Versions/A/Frameworks/JavaNativeFoundation.framework/Versions/A/JavaNativeFoundation
0x0000000120acf000 	/System/Library/Frameworks/JavaVM.framework/Versions/A/JavaVM
0x00000000077e9000 	/System/Library/Frameworks/Carbon.framework/Versions/A/Carbon
0x0000000120adc000 	/System/Library/PrivateFrameworks/JavaLaunching.framework/Versions/A/JavaLaunching
0x00000000077e9000 	/System/Library/Frameworks/Carbon.framework/Versions/A/Frameworks/CommonPanels.framework/Versions/A/CommonPanels
0x00000000077e9000 	/System/Library/Frameworks/Carbon.framework/Versions/A/Frameworks/Help.framework/Versions/A/Help
0x00000000077e9000 	/System/Library/Frameworks/Carbon.framework/Versions/A/Frameworks/ImageCapture.framework/Versions/A/ImageCapture
0x00000000077e9000 	/System/Library/Frameworks/Carbon.framework/Versions/A/Frameworks/OpenScripting.framework/Versions/A/OpenScripting
0x00000000077e9000 	/System/Library/Frameworks/Carbon.framework/Versions/A/Frameworks/Print.framework/Versions/A/Print
0x00000000077e9000 	/System/Library/Frameworks/Carbon.framework/Versions/A/Frameworks/SecurityHI.framework/Versions/A/SecurityHI
0x00000001223e2000 	/Library/Java/JavaVirtualMachines/jdk1.8.0_101.jdk/Contents/Home/jre/lib/libawt.dylib
0x000000012248a000 	/Library/Java/JavaVirtualMachines/jdk1.8.0_101.jdk/Contents/Home/jre/lib/./libmlib_image.dylib
0x0000000122556000 	/Library/Java/JavaVirtualMachines/jdk1.8.0_101.jdk/Contents/Home/jre/lib/libawt_lwawt.dylib
0x000000012260b000 	/Library/Java/JavaVirtualMachines/jdk1.8.0_101.jdk/Contents/Home/jre/lib/./libosxapp.dylib
0x00000000077e9000 	/System/Library/Frameworks/ExceptionHandling.framework/Versions/A/ExceptionHandling
0x00000000077e9000 	/System/Library/PrivateFrameworks/CoreServicesInternal.framework/Versions/A/CoreServicesInternal
0x00000000077e9000 	/System/Library/CoreServices/RawCamera.bundle/Contents/MacOS/RawCamera
0x00000000077e9000 	/System/Library/Frameworks/Accelerate.framework/Versions/A/Frameworks/vImage.framework/Versions/A/Libraries/libCGInterfaces.dylib
0x00000000077e9000 	/System/Library/Frameworks/ApplicationServices.framework/Versions/A/Frameworks/ATS.framework/Versions/A/Resources/libTrueTypeScaler.dylib
0x00000000077e9000 	/System/Library/Frameworks/OpenGL.framework/Versions/A/Resources/GLEngine.bundle/GLEngine
0x00000000077e9000 	/System/Library/Frameworks/OpenGL.framework/Versions/A/Libraries/libGLProgrammability.dylib
0x00000001242d4000 	/System/Library/Extensions/AppleIntelHD5000GraphicsGLDriver.bundle/Contents/MacOS/AppleIntelHD5000GraphicsGLDriver
0x00000000077e9000 	/System/Library/PrivateFrameworks/GPUSupport.framework/Versions/A/Libraries/libGPUSupportMercury.dylib
0x00000000077e9000 	/System/Library/Frameworks/OpenGL.framework/Versions/A/Resources/GLRendererFloat.bundle/GLRendererFloat
0x00000000077e9000 	/System/Library/Frameworks/OpenCL.framework/Versions/A/Libraries/libcldcpuengine.dylib
0x00000000077e9000 	/usr/lib/libcrypto.0.9.8.dylib
0x00000000077e9000 	/System/Library/PrivateFrameworks/TrustEvaluationAgent.framework/Versions/A/TrustEvaluationAgent
0x0000000124a52000 	/System/Library/Extensions/AppleIntelHD5000GraphicsMTLDriver.bundle/Contents/MacOS/AppleIntelHD5000GraphicsMTLDriver
0x00000000077e9000 	/System/Library/PrivateFrameworks/FamilyControls.framework/Versions/A/FamilyControls
0x00000000077e9000 	/System/Library/PrivateFrameworks/CommerceKit.framework/Versions/A/Frameworks/CommerceCore.framework/Versions/A/CommerceCore
0x00000000077e9000 	/System/Library/PrivateFrameworks/SystemAdministration.framework/Versions/A/SystemAdministration
0x00000000077e9000 	/System/Library/PrivateFrameworks/AppContainer.framework/Versions/A/AppContainer
0x00000000077e9000 	/System/Library/PrivateFrameworks/SecCodeWrapper.framework/Versions/A/SecCodeWrapper
0x00000000077e9000 	/System/Library/Frameworks/DirectoryService.framework/Versions/A/DirectoryService
0x00000000077e9000 	/System/Library/PrivateFrameworks/DiskImages.framework/Versions/A/DiskImages
0x00000000077e9000 	/System/Library/PrivateFrameworks/LoginUIKit.framework/Versions/A/Frameworks/LoginUICore.framework/Versions/A/LoginUICore
0x00000000077e9000 	/usr/lib/libCoreStorage.dylib
0x00000000077e9000 	/usr/lib/libcsfde.dylib
0x00000000077e9000 	/usr/lib/libodfde.dylib
0x00000000077e9000 	/System/Library/Frameworks/DiscRecording.framework/Versions/A/DiscRecording
0x00000000077e9000 	/usr/lib/libcurl.4.dylib
0x00000000077e9000 	/System/Library/PrivateFrameworks/MediaKit.framework/Versions/A/MediaKit
0x00000000077e9000 	/System/Library/PrivateFrameworks/ProtectedCloudStorage.framework/Versions/A/ProtectedCloudStorage
0x00000000077e9000 	/System/Library/PrivateFrameworks/EFILogin.framework/Versions/A/EFILogin
0x00000000077e9000 	/usr/lib/libutil.dylib
0x00000000077e9000 	/System/Library/Frameworks/LDAP.framework/Versions/A/LDAP
0x00000000077e9000 	/usr/lib/libsasl2.2.dylib
0x00000000077e9000 	/System/Library/PrivateFrameworks/CoreDaemon.framework/Versions/B/CoreDaemon
0x00000000077e9000 	/System/Library/PrivateFrameworks/AppleSRP.framework/Versions/A/AppleSRP
0x00000000077e9000 	/System/Library/PrivateFrameworks/APFS.framework/Versions/A/APFS
0x0000000125e3f000 	/Library/Java/JavaVirtualMachines/jdk1.8.0_101.jdk/Contents/Home/jre/lib/libnet.dylib
0x00000000077e9000 	/System/Library/PrivateFrameworks/ViewBridge.framework/Versions/A/ViewBridge
0x00000000077e9000 	/System/Library/PrivateFrameworks/XPCService.framework/Versions/A/XPCService
0x00000000077e9000 	/System/Library/PrivateFrameworks/AppSandbox.framework/Versions/A/AppSandbox
0x00000000077e9000 	/usr/lib/libsandbox.1.dylib
0x00000000077e9000 	/usr/lib/libMatch.1.dylib
0x00000001266cb000 	/Library/Java/JavaVirtualMachines/jdk1.8.0_101.jdk/Contents/Home/jre/lib/libfontmanager.dylib
0x0000000126732000 	/Library/Java/JavaVirtualMachines/jdk1.8.0_101.jdk/Contents/Home/jre/lib/libosxui.dylib
0x000000012d954000 	/Library/Java/JavaVirtualMachines/jdk1.8.0_101.jdk/Contents/Home/jre/lib/libnio.dylib
0x00000000077e9000 	/System/Library/PrivateFrameworks/CloudDocs.framework/Versions/A/CloudDocs
0x00000000077e9000 	/System/Library/Frameworks/CloudKit.framework/Versions/A/CloudKit
0x00000000077e9000 	/System/Library/PrivateFrameworks/MMCS.framework/Versions/A/MMCS
0x00000000077e9000 	/System/Library/Frameworks/CoreLocation.framework/Versions/A/CoreLocation
0x00000000077e9000 	/System/Library/PrivateFrameworks/AssetCacheServices.framework/Versions/A/AssetCacheServices
0x00000000077e9000 	/System/Library/PrivateFrameworks/GeoServices.framework/Versions/A/GeoServices
0x00000001280bd000 	/Library/Java/JavaVirtualMachines/jdk1.8.0_101.jdk/Contents/Home/jre/lib/libjpeg.dylib
0x0000000124296000 	/Library/Java/JavaVirtualMachines/jdk1.8.0_101.jdk/Contents/Home/jre/lib/libprism_es2.dylib
0x000000012ba66000 	/Library/Java/JavaVirtualMachines/jdk1.8.0_101.jdk/Contents/Home/jre/lib/libglass.dylib
0x00000001242a6000 	/Library/Java/JavaVirtualMachines/jdk1.8.0_101.jdk/Contents/Home/jre/lib/libjavafx_font.dylib
0x000000016fe85000 	/Library/Java/JavaVirtualMachines/jdk1.8.0_101.jdk/Contents/Home/jre/lib/libjfxwebkit.dylib
0x000000012d5f0000 	/Library/Java/JavaVirtualMachines/jdk1.8.0_101.jdk/Contents/Home/jre/lib/libsunec.dylib
0x00000001730b4000 	/Library/Java/JavaVirtualMachines/jdk1.8.0_101.jdk/Contents/Home/jre/lib/libglib-lite.dylib
0x00000001731d5000 	/Library/Java/JavaVirtualMachines/jdk1.8.0_101.jdk/Contents/Home/jre/lib/libgstreamer-lite.dylib
0x000000017334e000 	/Library/Java/JavaVirtualMachines/jdk1.8.0_101.jdk/Contents/Home/jre/lib/libjfxmedia.dylib
0x0000000173389000 	/Library/Java/JavaVirtualMachines/jdk1.8.0_101.jdk/Contents/Home/jre/lib/libprism_common.dylib
0x0000000173397000 	/Library/Java/JavaVirtualMachines/jdk1.8.0_101.jdk/Contents/Home/jre/lib/libjfxmedia_avf.dylib
0x00000000077e9000 	/System/Library/Frameworks/AVFoundation.framework/Versions/A/AVFoundation
0x00000000077e9000 	/System/Library/Frameworks/CoreMedia.framework/Versions/A/CoreMedia
0x00000000077e9000 	/System/Library/Frameworks/MediaToolbox.framework/Versions/A/MediaToolbox
0x00000000077e9000 	/System/Library/Frameworks/AVFoundation.framework/Versions/A/Frameworks/AVFAudio.framework/Versions/A/AVFAudio
0x00000000077e9000 	/System/Library/Frameworks/VideoToolbox.framework/Versions/A/VideoToolbox
0x00000000077e9000 	/System/Library/PrivateFrameworks/IntlPreferences.framework/Versions/A/IntlPreferences
0x00000000077e9000 	/System/Library/Frameworks/CoreMediaIO.framework/Versions/A/CoreMediaIO
0x00000000077e9000 	/usr/lib/libspindump.dylib
0x00000000077e9000 	/usr/lib/libdscsym.dylib
0x00000000077e9000 	/System/Library/PrivateFrameworks/CoreAVCHD.framework/Versions/A/CoreAVCHD
0x00000000077e9000 	/System/Library/Frameworks/MediaAccessibility.framework/Versions/A/MediaAccessibility
0x00000000077e9000 	/System/Library/PrivateFrameworks/Mangrove.framework/Versions/A/Mangrove
0x00000000077e9000 	/System/Library/PrivateFrameworks/CoreAUC.framework/Versions/A/CoreAUC
0x00000000077e9000 	/System/Library/PrivateFrameworks/AppleVA.framework/Versions/A/AppleVA
0x000000016d7a0000 	/Library/Java/JavaVirtualMachines/jdk1.8.0_101.jdk/Contents/Home/jre/lib/libjfxmedia_qtkit.dylib
0x00000000077e9000 	/System/Library/Frameworks/QTKit.framework/Versions/A/QTKit
0x00000000077e9000 	/System/Library/PrivateFrameworks/CoreMediaAuthoring.framework/Versions/A/CoreMediaAuthoring
0x00000001733cc000 	/Library/Java/JavaVirtualMachines/jdk1.8.0_101.jdk/Contents/Home/jre/lib/libjavafx_iio.dylib
0x0000000127970000 	/Library/Java/JavaVirtualMachines/jdk1.8.0_101.jdk/Contents/Home/jre/lib/libfxplugins.dylib
0x000000012799b000 	/System/Library/Frameworks/VideoDecodeAcceleration.framework/Versions/A/VideoDecodeAcceleration
0x00000001279a1000 	/System/Library/Extensions/AppleHDA.kext/Contents/PlugIns/AppleHDAHALPlugIn.bundle/Contents/MacOS/AppleHDAHALPlugIn
0x000000016f011000 	/System/Library/Components/CoreAudio.component/Contents/MacOS/CoreAudio
0x000000016f210000 	/System/Library/Components/AudioCodecs.component/Contents/MacOS/AudioCodecs

VM Arguments:
jvm_args: -Dfile.encoding=UTF-8 
java_command: main.Main
java_class_path (initial): /Users/HunterHurja/Documents/fp_team_35/TroJams/bin:/Users/HunterHurja/Documents/fp_team_35/TroJams/jars/jl1.0.1.jar:/Users/HunterHurja/Documents/fp_team_35/TroJams/jars/mysql-connector-java-5.1.40-bin.jar:/Users/HunterHurja/Documents/fp_team_35/TroJams/jars/java-json.jar:/Users/HunterHurja/Documents/fp_team_35/TroJams/jars/jfxrt.jar
Launcher Type: SUN_STANDARD

Environment Variables:
PATH=/usr/bin:/bin:/usr/sbin:/sbin
SHELL=/bin/bash

Signal Handlers:
SIGSEGV: [libjvm.dylib+0x5af145], sa_mask[0]=11111111011111110111111111111111, sa_flags=SA_ONSTACK|SA_RESTART|SA_SIGINFO
SIGBUS: [libjvm.dylib+0x5af145], sa_mask[0]=11111111011111110111111111111111, sa_flags=SA_RESTART|SA_SIGINFO
SIGFPE: [libjvm.dylib+0x48694c], sa_mask[0]=11111111011111110111111111111111, sa_flags=SA_RESTART|SA_SIGINFO
SIGPIPE: [libjvm.dylib+0x48694c], sa_mask[0]=11111111011111110111111111111111, sa_flags=SA_RESTART|SA_SIGINFO
SIGXFSZ: [libjvm.dylib+0x48694c], sa_mask[0]=11111111011111110111111111111111, sa_flags=SA_RESTART|SA_SIGINFO
SIGILL: [libjvm.dylib+0x48694c], sa_mask[0]=11111111011111110111111111111111, sa_flags=SA_RESTART|SA_SIGINFO
SIGUSR1: SIG_DFL, sa_mask[0]=00000000000000000000000000000000, sa_flags=none
SIGUSR2: [libjvm.dylib+0x48646a], sa_mask[0]=00100000000000000000000000000000, sa_flags=SA_RESTART|SA_SIGINFO
SIGHUP: [libjvm.dylib+0x484a41], sa_mask[0]=11111111011111110111111111111111, sa_flags=SA_RESTART|SA_SIGINFO
SIGINT: [libjvm.dylib+0x484a41], sa_mask[0]=11111111011111110111111111111111, sa_flags=SA_RESTART|SA_SIGINFO
SIGTERM: [libjvm.dylib+0x484a41], sa_mask[0]=11111111011111110111111111111111, sa_flags=SA_RESTART|SA_SIGINFO
SIGQUIT: [libjvm.dylib+0x484a41], sa_mask[0]=11111111011111110111111111111111, sa_flags=SA_RESTART|SA_SIGINFO


---------------  S Y S T E M  ---------------

OS:Bsduname:Darwin 16.0.0 Darwin Kernel Version 16.0.0: Mon Aug 29 17:56:20 PDT 2016; root:xnu-3789.1.32~3/RELEASE_X86_64 x86_64
rlimit: STACK 8192k, CORE 0k, NPROC 709, NOFILE 10240, AS infinity
load average:4.65 4.26 4.32

CPU:total 4 (2 cores per cpu, 2 threads per core) family 6 model 69 stepping 1, cmov, cx8, fxsr, mmx, sse, sse2, sse3, ssse3, sse4.1, sse4.2, popcnt, avx, avx2, aes, clmul, erms, lzcnt, ht, tsc, tscinvbit, bmi1, bmi2

Memory: 4k page, physical 8388608k(34844k free)

/proc/meminfo:


vm_info: Java HotSpot(TM) 64-Bit Server VM (25.101-b13) for bsd-amd64 JRE (1.8.0_101-b13), built on Jun 22 2016 02:42:15 by "java_re" with gcc 4.2.1 (Based on Apple Inc. build 5658) (LLVM build 2336.11.00)

time: Wed Nov 23 17:41:28 2016
elapsed time: 544 seconds (0d 0h 9m 4s)

